<?xml version="1.0" encoding="UTF-8"?>
<testng-results ignored="0" total="2" passed="2" failed="0" skipped="0">
  <reporter-output>
  </reporter-output>
  <suite started-at="2023-01-24T22:45:32 IST" name="All Test Suite" finished-at="2023-01-24T22:45:49 IST" duration-ms="17467">
    <groups>
      <group name="Master">
        <method signature="TC_001_AccountRegistrationPageTest.test_account_Registration()[pri:0, instance:testCases.TC_001_AccountRegistrationPageTest@8458f04]" name="test_account_Registration" class="testCases.TC_001_AccountRegistrationPageTest"/>
        <method signature="TC_002_LoginTest.test_login()[pri:0, instance:testCases.TC_002_LoginTest@6caf0677]" name="test_login" class="testCases.TC_002_LoginTest"/>
      </group> <!-- Master -->
      <group name="Sanity">
        <method signature="TC_002_LoginTest.test_login()[pri:0, instance:testCases.TC_002_LoginTest@6caf0677]" name="test_login" class="testCases.TC_002_LoginTest"/>
      </group> <!-- Sanity -->
      <group name="Regression">
        <method signature="TC_001_AccountRegistrationPageTest.test_account_Registration()[pri:0, instance:testCases.TC_001_AccountRegistrationPageTest@8458f04]" name="test_account_Registration" class="testCases.TC_001_AccountRegistrationPageTest"/>
      </group> <!-- Regression -->
    </groups>
    <test started-at="2023-01-24T22:45:32 IST" name="ChromeTests" finished-at="2023-01-24T22:45:49 IST" duration-ms="17467">
      <class name="testCases.TC_002_LoginTest">
        <test-method is-config="true" signature="setup(java.lang.String)[pri:0, instance:testCases.TC_002_LoginTest@6caf0677]" started-at="2023-01-24T22:45:43 IST" name="setup" finished-at="2023-01-24T22:45:46 IST" duration-ms="2657" status="PASS">
          <params>
            <param index="0">
              <value>
                <![CDATA[chrome]]>
              </value>
            </param>
          </params>
          <reporter-output>
          </reporter-output>
        </test-method> <!-- setup -->
        <test-method signature="test_login()[pri:0, instance:testCases.TC_002_LoginTest@6caf0677]" started-at="2023-01-24T22:45:46 IST" name="test_login" finished-at="2023-01-24T22:45:48 IST" duration-ms="2565" status="PASS">
          <reporter-output>
          </reporter-output>
        </test-method> <!-- test_login -->
        <test-method is-config="true" signature="tearDown()[pri:0, instance:testCases.TC_002_LoginTest@6caf0677]" started-at="2023-01-24T22:45:48 IST" name="tearDown" finished-at="2023-01-24T22:45:49 IST" duration-ms="793" status="PASS">
          <reporter-output>
          </reporter-output>
        </test-method> <!-- tearDown -->
      </class> <!-- testCases.TC_002_LoginTest -->
      <class name="testCases.TC_001_AccountRegistrationPageTest">
        <test-method is-config="true" signature="setup(java.lang.String)[pri:0, instance:testCases.TC_001_AccountRegistrationPageTest@8458f04]" started-at="2023-01-24T22:45:32 IST" name="setup" finished-at="2023-01-24T22:45:37 IST" duration-ms="5415" status="PASS">
          <params>
            <param index="0">
              <value>
                <![CDATA[chrome]]>
              </value>
            </param>
          </params>
          <reporter-output>
          </reporter-output>
        </test-method> <!-- setup -->
        <test-method signature="test_account_Registration()[pri:0, instance:testCases.TC_001_AccountRegistrationPageTest@8458f04]" started-at="2023-01-24T22:45:37 IST" name="test_account_Registration" finished-at="2023-01-24T22:45:42 IST" duration-ms="4762" status="PASS">
          <reporter-output>
          </reporter-output>
        </test-method> <!-- test_account_Registration -->
        <test-method is-config="true" signature="tearDown()[pri:0, instance:testCases.TC_001_AccountRegistrationPageTest@8458f04]" started-at="2023-01-24T22:45:42 IST" name="tearDown" finished-at="2023-01-24T22:45:43 IST" duration-ms="739" status="PASS">
          <reporter-output>
          </reporter-output>
        </test-method> <!-- tearDown -->
      </class> <!-- testCases.TC_001_AccountRegistrationPageTest -->
    </test> <!-- ChromeTests -->
  </suite> <!-- All Test Suite -->
</testng-results>
