<?xml version="1.0" encoding="UTF-8"?>
<testng-results ignored="0" total="2" passed="2" failed="0" skipped="0">
  <reporter-output>
  </reporter-output>
  <suite started-at="2023-01-24T22:13:45 IST" name="All Test Suite" finished-at="2023-01-24T22:14:10 IST" duration-ms="24408">
    <groups>
      <group name="Master">
        <method signature="TC_001_AccountRegistrationPageTest.test_account_Registration()[pri:0, instance:testCases.TC_001_AccountRegistrationPageTest@72cde7cc]" name="test_account_Registration" class="testCases.TC_001_AccountRegistrationPageTest"/>
        <method signature="TC_002_LoginTest.test_login()[pri:0, instance:testCases.TC_002_LoginTest@be35cd9]" name="test_login" class="testCases.TC_002_LoginTest"/>
      </group> <!-- Master -->
      <group name="Sanity">
        <method signature="TC_002_LoginTest.test_login()[pri:0, instance:testCases.TC_002_LoginTest@be35cd9]" name="test_login" class="testCases.TC_002_LoginTest"/>
      </group> <!-- Sanity -->
      <group name="Regression">
        <method signature="TC_001_AccountRegistrationPageTest.test_account_Registration()[pri:0, instance:testCases.TC_001_AccountRegistrationPageTest@72cde7cc]" name="test_account_Registration" class="testCases.TC_001_AccountRegistrationPageTest"/>
      </group> <!-- Regression -->
    </groups>
    <test started-at="2023-01-24T22:13:45 IST" name="ChromeTests" finished-at="2023-01-24T22:14:10 IST" duration-ms="24408">
      <class name="testCases.TC_002_LoginTest">
        <test-method is-config="true" signature="setup(java.lang.String)[pri:0, instance:testCases.TC_002_LoginTest@be35cd9]" started-at="2023-01-24T22:14:03 IST" name="setup" finished-at="2023-01-24T22:14:06 IST" duration-ms="3181" status="PASS">
          <params>
            <param index="0">
              <value>
                <![CDATA[chrome]]>
              </value>
            </param>
          </params>
          <reporter-output>
          </reporter-output>
        </test-method> <!-- setup -->
        <test-method signature="test_login()[pri:0, instance:testCases.TC_002_LoginTest@be35cd9]" started-at="2023-01-24T22:14:06 IST" name="test_login" finished-at="2023-01-24T22:14:09 IST" duration-ms="3125" status="PASS">
          <reporter-output>
          </reporter-output>
        </test-method> <!-- test_login -->
        <test-method is-config="true" signature="tearDown()[pri:0, instance:testCases.TC_002_LoginTest@be35cd9]" started-at="2023-01-24T22:14:09 IST" name="tearDown" finished-at="2023-01-24T22:14:10 IST" duration-ms="830" status="PASS">
          <reporter-output>
          </reporter-output>
        </test-method> <!-- tearDown -->
      </class> <!-- testCases.TC_002_LoginTest -->
      <class name="testCases.TC_001_AccountRegistrationPageTest">
        <test-method is-config="true" signature="setup(java.lang.String)[pri:0, instance:testCases.TC_001_AccountRegistrationPageTest@72cde7cc]" started-at="2023-01-24T22:13:46 IST" name="setup" finished-at="2023-01-24T22:13:57 IST" duration-ms="10509" status="PASS">
          <params>
            <param index="0">
              <value>
                <![CDATA[chrome]]>
              </value>
            </param>
          </params>
          <reporter-output>
          </reporter-output>
        </test-method> <!-- setup -->
        <test-method signature="test_account_Registration()[pri:0, instance:testCases.TC_001_AccountRegistrationPageTest@72cde7cc]" started-at="2023-01-24T22:13:57 IST" name="test_account_Registration" finished-at="2023-01-24T22:14:02 IST" duration-ms="4990" status="PASS">
          <reporter-output>
          </reporter-output>
        </test-method> <!-- test_account_Registration -->
        <test-method is-config="true" signature="tearDown()[pri:0, instance:testCases.TC_001_AccountRegistrationPageTest@72cde7cc]" started-at="2023-01-24T22:14:02 IST" name="tearDown" finished-at="2023-01-24T22:14:03 IST" duration-ms="1071" status="PASS">
          <reporter-output>
          </reporter-output>
        </test-method> <!-- tearDown -->
      </class> <!-- testCases.TC_001_AccountRegistrationPageTest -->
    </test> <!-- ChromeTests -->
  </suite> <!-- All Test Suite -->
</testng-results>
